0 silly argv { _: [ 'clean' ], lernaVersion: '3.20.2', '$0': 'lerna' }
1 notice cli v3.20.2
2 verbose rootPath /Users/willybrauner/Documents/local/libraries
3 info Removing the following directories:
4 info clean packages/libraries/node_modules
4 info clean packages/react-components/react-grid-layout/node_modules
4 info clean packages/react-components/react-responsive-image/node_modules
4 info clean packages/react-hooks/use-bounding-client-rect/node_modules
4 info clean packages/react-hooks/use-is-in-viewport/node_modules
4 info clean packages/react-hooks/use-responsive-image-data/node_modules
4 info clean packages/react-hooks/use-window-size/node_modules
4 info clean packages/storybook/node_modules
4 info clean packages/utils/fake-data-utils/node_modules
5 info clean removing /Users/willybrauner/Documents/local/libraries/packages/libraries/node_modules
6 silly rimrafDir /Users/willybrauner/Documents/local/libraries/packages/libraries/node_modules
7 info clean removing /Users/willybrauner/Documents/local/libraries/packages/react-components/react-grid-layout/node_modules
8 silly rimrafDir /Users/willybrauner/Documents/local/libraries/packages/react-components/react-grid-layout/node_modules
9 info clean removing /Users/willybrauner/Documents/local/libraries/packages/react-components/react-responsive-image/node_modules
10 silly rimrafDir /Users/willybrauner/Documents/local/libraries/packages/react-components/react-responsive-image/node_modules
11 info clean removing /Users/willybrauner/Documents/local/libraries/packages/react-hooks/use-bounding-client-rect/node_modules
12 silly rimrafDir /Users/willybrauner/Documents/local/libraries/packages/react-hooks/use-bounding-client-rect/node_modules
13 verbose rimrafDir removed /Users/willybrauner/Documents/local/libraries/packages/libraries/node_modules
14 info clean removing /Users/willybrauner/Documents/local/libraries/packages/react-hooks/use-is-in-viewport/node_modules
15 silly rimrafDir /Users/willybrauner/Documents/local/libraries/packages/react-hooks/use-is-in-viewport/node_modules
16 error Error: Command failed: /usr/local/bin/node /Users/willybrauner/Documents/local/libraries/node_modules/rimraf/bin.js --no-glob /Users/willybrauner/Documents/local/libraries/packages/react-components/react-grid-layout/node_modules/
16 error     at makeError (/Users/willybrauner/Documents/local/libraries/node_modules/execa/index.js:174:9)
16 error     at Promise.all.then.arr (/Users/willybrauner/Documents/local/libraries/node_modules/execa/index.js:278:16)
